<?xml version="1.0" encoding="UTF-8"?>
<testsuite name="com.sinfloo.ejemplo01.Ejemplo01ApplicationTests" time="0.023" tests="1" errors="1" skipped="0" failures="0">
  <properties>
[...]
</properties>
  <testcase name="initializationError" classname="com.sinfloo.ejemplo01.Ejemplo01ApplicationTests" time="0.023">
    <error message="Unable to find a @SpringBootConfiguration, you need to use @ContextConfiguration or @SpringBootTest(classes=...) with your test" type="java.lang.IllegalStateException"><![CDATA[java.lang.IllegalStateException: Unable to find a @SpringBootConfiguration, you need to use @ContextConfiguration or @SpringBootTest(classes=...) with your test
	at org.springframework.util.Assert.state(Assert.java:70)
	at org.springframework.boot.test.context.SpringBootTestContextBootstrapper.getOrFindConfigurationClasses(SpringBootTestContextBootstrapper.java:202)
	at org.springframework.boot.test.context.SpringBootTestContextBootstrapper.processMergedContextConfiguration(SpringBootTestContextBootstrapper.java:137)
	at org.springframework.test.context.support.AbstractTestContextBootstrapper.buildMergedContextConfiguration(AbstractTestContextBootstrapper.java:397)
	at org.springframework.test.context.support.AbstractTestContextBootstrapper.buildDefaultMergedContextConfiguration(AbstractTestContextBootstrapper.java:311)
	at org.springframework.test.context.support.AbstractTestContextBootstrapper.buildMergedContextConfiguration(AbstractTestContextBootstrapper.java:265)
	at org.springframework.test.context.support.AbstractTestContextBootstrapper.buildTestContext(AbstractTestContextBootstrapper.java:105)
	at org.springframework.boot.test.context.SpringBootTestContextBootstrapper.buildTestContext(SpringBootTestContextBootstrapper.java:82)
	at org.springframework.test.context.TestContextManager.<init>(TestContextManager.java:120)
	at org.springframework.test.context.TestContextManager.<init>(TestContextManager.java:105)
	at org.springframework.test.context.junit4.SpringJUnit4ClassRunner.createTestContextManager(SpringJUnit4ClassRunner.java:152)
	at org.springframework.test.context.junit4.SpringJUnit4ClassRunner.<init>(SpringJUnit4ClassRunner.java:143)
	at org.springframework.test.context.junit4.SpringRunner.<init>(SpringRunner.java:49)
	at sun.reflect.NativeConstructorAccessorImpl.newInstance0(Native Method)
	at sun.reflect.NativeConstructorAccessorImpl.newInstance(NativeConstructorAccessorImpl.java:62)
	at sun.reflect.DelegatingConstructorAccessorImpl.newInstance(DelegatingConstructorAccessorImpl.java:45)
	at java.lang.reflect.Constructor.newInstance(Constructor.java:423)
	at org.junit.internal.builders.AnnotatedBuilder.buildRunner(AnnotatedBuilder.java:104)
	at org.junit.internal.builders.AnnotatedBuilder.runnerForClass(AnnotatedBuilder.java:86)
	at org.junit.runners.model.RunnerBuilder.safeRunnerForClass(RunnerBuilder.java:59)
	at org.junit.internal.builders.AllDefaultPossibilitiesBuilder.runnerForClass(AllDefaultPossibilitiesBuilder.java:26)
	at org.junit.runners.model.RunnerBuilder.safeRunnerForClass(RunnerBuilder.java:59)
	at org.junit.internal.requests.ClassRequest.getRunner(ClassRequest.java:33)
	at org.apache.maven.surefire.junit4.JUnit4Provider.execute(JUnit4Provider.java:283)
	at org.apache.maven.surefire.junit4.JUnit4Provider.executeWithRerun(JUnit4Provider.java:173)
	at org.apache.maven.surefire.junit4.JUnit4Provider.executeTestSet(JUnit4Provider.java:153)
	at org.apache.maven.surefire.junit4.JUnit4Provider.invoke(JUnit4Provider.java:128)
	at org.apache.maven.surefire.booter.ForkedBooter.invokeProviderInSameClassLoader(ForkedBooter.java:203)
	at org.apache.maven.surefire.booter.ForkedBooter.runSuitesInProcess(ForkedBooter.java:155)
	at org.apache.maven.surefire.booter.ForkedBooter.main(ForkedBooter.java:103)
]]></error>
    <system-out><![CDATA[18:31:58.438 [main] DEBUG org.springframework.test.context.junit4.SpringJUnit4ClassRunner - SpringJUnit4ClassRunner constructor called with [class com.sinfloo.ejemplo01.Ejemplo01ApplicationTests]
18:31:58.455 [main] DEBUG org.springframework.test.context.BootstrapUtils - Instantiating CacheAwareContextLoaderDelegate from class [org.springframework.test.context.cache.DefaultCacheAwareContextLoaderDelegate]
18:31:58.490 [main] DEBUG org.springframework.test.context.BootstrapUtils - Instantiating BootstrapContext using constructor [public org.springframework.test.context.support.DefaultBootstrapContext(java.lang.Class,org.springframework.test.context.CacheAwareContextLoaderDelegate)]
18:31:58.524 [main] DEBUG org.springframework.test.context.BootstrapUtils - Instantiating TestContextBootstrapper for test class [com.sinfloo.ejemplo01.Ejemplo01ApplicationTests] from class [org.springframework.boot.test.context.SpringBootTestContextBootstrapper]
18:31:58.558 [main] INFO org.springframework.boot.test.context.SpringBootTestContextBootstrapper - Neither @ContextConfiguration nor @ContextHierarchy found for test class [com.sinfloo.ejemplo01.Ejemplo01ApplicationTests], using SpringBootContextLoader
18:31:58.566 [main] DEBUG org.springframework.test.context.support.AbstractContextLoader - Did not detect default resource location for test class [com.sinfloo.ejemplo01.Ejemplo01ApplicationTests]: class path resource [com/sinfloo/ejemplo01/Ejemplo01ApplicationTests-context.xml] does not exist
18:31:58.567 [main] DEBUG org.springframework.test.context.support.AbstractContextLoader - Did not detect default resource location for test class [com.sinfloo.ejemplo01.Ejemplo01ApplicationTests]: class path resource [com/sinfloo/ejemplo01/Ejemplo01ApplicationTestsContext.groovy] does not exist
18:31:58.567 [main] INFO org.springframework.test.context.support.AbstractContextLoader - Could not detect default resource locations for test class [com.sinfloo.ejemplo01.Ejemplo01ApplicationTests]: no resource found for suffixes {-context.xml, Context.groovy}.
18:31:58.569 [main] INFO org.springframework.test.context.support.AnnotationConfigContextLoaderUtils - Could not detect default configuration classes for test class [com.sinfloo.ejemplo01.Ejemplo01ApplicationTests]: Ejemplo01ApplicationTests does not declare any static, non-private, non-final, nested classes annotated with @Configuration.
18:31:58.683 [main] DEBUG org.springframework.test.context.support.ActiveProfilesUtils - Could not find an 'annotation declaring class' for annotation type [org.springframework.test.context.ActiveProfiles] and class [com.sinfloo.ejemplo01.Ejemplo01ApplicationTests]
18:31:58.698 [main] DEBUG org.springframework.core.env.StandardEnvironment - Adding PropertySource 'systemProperties' with lowest search precedence
18:31:58.699 [main] DEBUG org.springframework.core.env.StandardEnvironment - Adding PropertySource 'systemEnvironment' with lowest search precedence
18:31:58.700 [main] DEBUG org.springframework.core.env.StandardEnvironment - Initialized StandardEnvironment with PropertySources [MapPropertySource@1908143486 {name='systemProperties', properties={java.runtime.name=Java(TM) SE Runtime Environment, sun.boot.library.path=/usr/lib/jvm/java-8-oracle/jre/lib/amd64, java.vm.version=25.191-b12, java.vm.vendor=Oracle Corporation, java.vendor.url=http://java.oracle.com/, path.separator=:, java.vm.name=Java HotSpot(TM) 64-Bit Server VM, file.encoding.pkg=sun.io, user.country=MX, sun.java.launcher=SUN_STANDARD, sun.os.patch.level=unknown, java.vm.specification.name=Java Virtual Machine Specification, user.dir=/home/christian/Escritorio/MB-Workspace/WebService-Angular-Spring-Backend, java.runtime.version=1.8.0_191-b12, basedir=/home/christian/Escritorio/MB-Workspace/WebService-Angular-Spring-Backend, java.awt.graphicsenv=sun.awt.X11GraphicsEnvironment, java.endorsed.dirs=/usr/lib/jvm/java-8-oracle/jre/lib/endorsed, os.arch=amd64, surefire.real.class.path=/home/christian/Escritorio/MB-Workspace/WebService-Angular-Spring-Backend/target/surefire/surefirebooter4998753294407083194.jar, java.io.tmpdir=/tmp, line.separator=
, java.vm.specification.vendor=Oracle Corporation, os.name=Linux, sun.jnu.encoding=UTF-8, java.library.path=/usr/java/packages/lib/amd64:/usr/lib64:/lib64:/lib:/usr/lib, surefire.test.class.path=/home/christian/Escritorio/MB-Workspace/WebService-Angular-Spring-Backend/target/test-classes:/home/christian/Escritorio/MB-Workspace/WebService-Angular-Spring-Backend/target/classes:/home/christian/.m2/repository/org/springframework/boot/spring-boot-starter-data-jpa/1.5.19.RELEASE/spring-boot-starter-data-jpa-1.5.19.RELEASE.jar:/home/christian/.m2/repository/org/springframework/boot/spring-boot-starter/1.5.19.RELEASE/spring-boot-starter-1.5.19.RELEASE.jar:/home/christian/.m2/repository/org/springframework/boot/spring-boot/1.5.19.RELEASE/spring-boot-1.5.19.RELEASE.jar:/home/christian/.m2/repository/org/springframework/boot/spring-boot-autoconfigure/1.5.19.RELEASE/spring-boot-autoconfigure-1.5.19.RELEASE.jar:/home/christian/.m2/repository/org/springframework/boot/spring-boot-starter-logging/1.5.19.RELEASE/spring-boot-starter-logging-1.5.19.RELEASE.jar:/home/christian/.m2/repository/ch/qos/logback/logback-classic/1.1.11/logback-classic-1.1.11.jar:/home/christian/.m2/repository/ch/qos/logback/logback-core/1.1.11/logback-core-1.1.11.jar:/home/christian/.m2/repository/org/slf4j/jul-to-slf4j/1.7.25/jul-to-slf4j-1.7.25.jar:/home/christian/.m2/repository/org/slf4j/log4j-over-slf4j/1.7.25/log4j-over-slf4j-1.7.25.jar:/home/christian/.m2/repository/org/yaml/snakeyaml/1.17/snakeyaml-1.17.jar:/home/christian/.m2/repository/org/springframework/boot/spring-boot-starter-aop/1.5.19.RELEASE/spring-boot-starter-aop-1.5.19.RELEASE.jar:/home/christian/.m2/repository/org/springframework/spring-aop/4.3.22.RELEASE/spring-aop-4.3.22.RELEASE.jar:/home/christian/.m2/repository/org/aspectj/aspectjweaver/1.8.13/aspectjweaver-1.8.13.jar:/home/christian/.m2/repository/org/springframework/boot/spring-boot-starter-jdbc/1.5.19.RELEASE/spring-boot-starter-jdbc-1.5.19.RELEASE.jar:/home/christian/.m2/repository/org/apache/tomcat/tomcat-jdbc/8.5.37/tomcat-jdbc-8.5.37.jar:/home/christian/.m2/repository/org/apache/tomcat/tomcat-juli/8.5.37/tomcat-juli-8.5.37.jar:/home/christian/.m2/repository/org/springframework/spring-jdbc/4.3.22.RELEASE/spring-jdbc-4.3.22.RELEASE.jar:/home/christian/.m2/repository/org/hibernate/hibernate-core/5.0.12.Final/hibernate-core-5.0.12.Final.jar:/home/christian/.m2/repository/org/jboss/logging/jboss-logging/3.3.2.Final/jboss-logging-3.3.2.Final.jar:/home/christian/.m2/repository/org/hibernate/javax/persistence/hibernate-jpa-2.1-api/1.0.0.Final/hibernate-jpa-2.1-api-1.0.0.Final.jar:/home/christian/.m2/repository/org/javassist/javassist/3.21.0-GA/javassist-3.21.0-GA.jar:/home/christian/.m2/repository/antlr/antlr/2.7.7/antlr-2.7.7.jar:/home/christian/.m2/repository/org/jboss/jandex/2.0.0.Final/jandex-2.0.0.Final.jar:/home/christian/.m2/repository/dom4j/dom4j/1.6.1/dom4j-1.6.1.jar:/home/christian/.m2/repository/org/hibernate/common/hibernate-commons-annotations/5.0.1.Final/hibernate-commons-annotations-5.0.1.Final.jar:/home/christian/.m2/repository/org/hibernate/hibernate-entitymanager/5.0.12.Final/hibernate-entitymanager-5.0.12.Final.jar:/home/christian/.m2/repository/javax/transaction/javax.transaction-api/1.2/javax.transaction-api-1.2.jar:/home/christian/.m2/repository/org/springframework/data/spring-data-jpa/1.11.18.RELEASE/spring-data-jpa-1.11.18.RELEASE.jar:/home/christian/.m2/repository/org/springframework/data/spring-data-commons/1.13.18.RELEASE/spring-data-commons-1.13.18.RELEASE.jar:/home/christian/.m2/repository/org/springframework/spring-orm/4.3.22.RELEASE/spring-orm-4.3.22.RELEASE.jar:/home/christian/.m2/repository/org/springframework/spring-context/4.3.22.RELEASE/spring-context-4.3.22.RELEASE.jar:/home/christian/.m2/repository/org/springframework/spring-tx/4.3.22.RELEASE/spring-tx-4.3.22.RELEASE.jar:/home/christian/.m2/repository/org/springframework/spring-beans/4.3.22.RELEASE/spring-beans-4.3.22.RELEASE.jar:/home/christian/.m2/repository/org/slf4j/slf4j-api/1.7.25/slf4j-api-1.7.25.jar:/home/christian/.m2/repository/org/slf4j/jcl-over-slf4j/1.7.25/jcl-over-slf4j-1.7.25.jar:/home/christian/.m2/repository/org/springframework/spring-aspects/4.3.22.RELEASE/spring-aspects-4.3.22.RELEASE.jar:/home/christian/.m2/repository/org/springframework/boot/spring-boot-starter-web/1.5.19.RELEASE/spring-boot-starter-web-1.5.19.RELEASE.jar:/home/christian/.m2/repository/org/springframework/boot/spring-boot-starter-tomcat/1.5.19.RELEASE/spring-boot-starter-tomcat-1.5.19.RELEASE.jar:/home/christian/.m2/repository/org/apache/tomcat/embed/tomcat-embed-core/8.5.37/tomcat-embed-core-8.5.37.jar:/home/christian/.m2/repository/org/apache/tomcat/tomcat-annotations-api/8.5.37/tomcat-annotations-api-8.5.37.jar:/home/christian/.m2/repository/org/apache/tomcat/embed/tomcat-embed-el/8.5.37/tomcat-embed-el-8.5.37.jar:/home/christian/.m2/repository/org/apache/tomcat/embed/tomcat-embed-websocket/8.5.37/tomcat-embed-websocket-8.5.37.jar:/home/christian/.m2/repository/org/hibernate/hibernate-validator/5.3.6.Final/hibernate-validator-5.3.6.Final.jar:/home/christian/.m2/repository/javax/validation/validation-api/1.1.0.Final/validation-api-1.1.0.Final.jar:/home/christian/.m2/repository/com/fasterxml/classmate/1.3.4/classmate-1.3.4.jar:/home/christian/.m2/repository/com/fasterxml/jackson/core/jackson-databind/2.8.11.3/jackson-databind-2.8.11.3.jar:/home/christian/.m2/repository/com/fasterxml/jackson/core/jackson-annotations/2.8.0/jackson-annotations-2.8.0.jar:/home/christian/.m2/repository/com/fasterxml/jackson/core/jackson-core/2.8.11/jackson-core-2.8.11.jar:/home/christian/.m2/repository/org/springframework/spring-web/4.3.22.RELEASE/spring-web-4.3.22.RELEASE.jar:/home/christian/.m2/repository/org/springframework/spring-webmvc/4.3.22.RELEASE/spring-webmvc-4.3.22.RELEASE.jar:/home/christian/.m2/repository/org/springframework/spring-expression/4.3.22.RELEASE/spring-expression-4.3.22.RELEASE.jar:/home/christian/.m2/repository/mysql/mysql-connector-java/5.1.47/mysql-connector-java-5.1.47.jar:/home/christian/.m2/repository/org/springframework/boot/spring-boot-starter-test/1.5.19.RELEASE/spring-boot-starter-test-1.5.19.RELEASE.jar:/home/christian/.m2/repository/org/springframework/boot/spring-boot-test/1.5.19.RELEASE/spring-boot-test-1.5.19.RELEASE.jar:/home/christian/.m2/repository/org/springframework/boot/spring-boot-test-autoconfigure/1.5.19.RELEASE/spring-boot-test-autoconfigure-1.5.19.RELEASE.jar:/home/christian/.m2/repository/com/jayway/jsonpath/json-path/2.2.0/json-path-2.2.0.jar:/home/christian/.m2/repository/net/minidev/json-smart/2.2.1/json-smart-2.2.1.jar:/home/christian/.m2/repository/net/minidev/accessors-smart/1.1/accessors-smart-1.1.jar:/home/christian/.m2/repository/org/ow2/asm/asm/5.0.3/asm-5.0.3.jar:/home/christian/.m2/repository/junit/junit/4.12/junit-4.12.jar:/home/christian/.m2/repository/org/assertj/assertj-core/2.6.0/assertj-core-2.6.0.jar:/home/christian/.m2/repository/org/mockito/mockito-core/1.10.19/mockito-core-1.10.19.jar:/home/christian/.m2/repository/org/objenesis/objenesis/2.1/objenesis-2.1.jar:/home/christian/.m2/repository/org/hamcrest/hamcrest-core/1.3/hamcrest-core-1.3.jar:/home/christian/.m2/repository/org/hamcrest/hamcrest-library/1.3/hamcrest-library-1.3.jar:/home/christian/.m2/repository/org/skyscreamer/jsonassert/1.4.0/jsonassert-1.4.0.jar:/home/christian/.m2/repository/com/vaadin/external/google/android-json/0.0.20131108.vaadin1/android-json-0.0.20131108.vaadin1.jar:/home/christian/.m2/repository/org/springframework/spring-core/4.3.22.RELEASE/spring-core-4.3.22.RELEASE.jar:/home/christian/.m2/repository/org/springframework/spring-test/4.3.22.RELEASE/spring-test-4.3.22.RELEASE.jar:, java.specification.name=Java Platform API Specification, java.class.version=52.0, sun.management.compiler=HotSpot 64-Bit Tiered Compilers, os.version=4.15.0-54-generic, user.home=/home/christian, user.timezone=America/Mexico_City, java.awt.printerjob=sun.print.PSPrinterJob, file.encoding=UTF-8, java.specification.version=1.8, java.class.path=/home/christian/Escritorio/MB-Workspace/WebService-Angular-Spring-Backend/target/test-classes:/home/christian/Escritorio/MB-Workspace/WebService-Angular-Spring-Backend/target/classes:/home/christian/.m2/repository/org/springframework/boot/spring-boot-starter-data-jpa/1.5.19.RELEASE/spring-boot-starter-data-jpa-1.5.19.RELEASE.jar:/home/christian/.m2/repository/org/springframework/boot/spring-boot-starter/1.5.19.RELEASE/spring-boot-starter-1.5.19.RELEASE.jar:/home/christian/.m2/repository/org/springframework/boot/spring-boot/1.5.19.RELEASE/spring-boot-1.5.19.RELEASE.jar:/home/christian/.m2/repository/org/springframework/boot/spring-boot-autoconfigure/1.5.19.RELEASE/spring-boot-autoconfigure-1.5.19.RELEASE.jar:/home/christian/.m2/repository/org/springframework/boot/spring-boot-starter-logging/1.5.19.RELEASE/spring-boot-starter-logging-1.5.19.RELEASE.jar:/home/christian/.m2/repository/ch/qos/logback/logback-classic/1.1.11/logback-classic-1.1.11.jar:/home/christian/.m2/repository/ch/qos/logback/logback-core/1.1.11/logback-core-1.1.11.jar:/home/christian/.m2/repository/org/slf4j/jul-to-slf4j/1.7.25/jul-to-slf4j-1.7.25.jar:/home/christian/.m2/repository/org/slf4j/log4j-over-slf4j/1.7.25/log4j-over-slf4j-1.7.25.jar:/home/christian/.m2/repository/org/yaml/snakeyaml/1.17/snakeyaml-1.17.jar:/home/christian/.m2/repository/org/springframework/boot/spring-boot-starter-aop/1.5.19.RELEASE/spring-boot-starter-aop-1.5.19.RELEASE.jar:/home/christian/.m2/repository/org/springframework/spring-aop/4.3.22.RELEASE/spring-aop-4.3.22.RELEASE.jar:/home/christian/.m2/repository/org/aspectj/aspectjweaver/1.8.13/aspectjweaver-1.8.13.jar:/home/christian/.m2/repository/org/springframework/boot/spring-boot-starter-jdbc/1.5.19.RELEASE/spring-boot-starter-jdbc-1.5.19.RELEASE.jar:/home/christian/.m2/repository/org/apache/tomcat/tomcat-jdbc/8.5.37/tomcat-jdbc-8.5.37.jar:/home/christian/.m2/repository/org/apache/tomcat/tomcat-juli/8.5.37/tomcat-juli-8.5.37.jar:/home/christian/.m2/repository/org/springframework/spring-jdbc/4.3.22.RELEASE/spring-jdbc-4.3.22.RELEASE.jar:/home/christian/.m2/repository/org/hibernate/hibernate-core/5.0.12.Final/hibernate-core-5.0.12.Final.jar:/home/christian/.m2/repository/org/jboss/logging/jboss-logging/3.3.2.Final/jboss-logging-3.3.2.Final.jar:/home/christian/.m2/repository/org/hibernate/javax/persistence/hibernate-jpa-2.1-api/1.0.0.Final/hibernate-jpa-2.1-api-1.0.0.Final.jar:/home/christian/.m2/repository/org/javassist/javassist/3.21.0-GA/javassist-3.21.0-GA.jar:/home/christian/.m2/repository/antlr/antlr/2.7.7/antlr-2.7.7.jar:/home/christian/.m2/repository/org/jboss/jandex/2.0.0.Final/jandex-2.0.0.Final.jar:/home/christian/.m2/repository/dom4j/dom4j/1.6.1/dom4j-1.6.1.jar:/home/christian/.m2/repository/org/hibernate/common/hibernate-commons-annotations/5.0.1.Final/hibernate-commons-annotations-5.0.1.Final.jar:/home/christian/.m2/repository/org/hibernate/hibernate-entitymanager/5.0.12.Final/hibernate-entitymanager-5.0.12.Final.jar:/home/christian/.m2/repository/javax/transaction/javax.transaction-api/1.2/javax.transaction-api-1.2.jar:/home/christian/.m2/repository/org/springframework/data/spring-data-jpa/1.11.18.RELEASE/spring-data-jpa-1.11.18.RELEASE.jar:/home/christian/.m2/repository/org/springframework/data/spring-data-commons/1.13.18.RELEASE/spring-data-commons-1.13.18.RELEASE.jar:/home/christian/.m2/repository/org/springframework/spring-orm/4.3.22.RELEASE/spring-orm-4.3.22.RELEASE.jar:/home/christian/.m2/repository/org/springframework/spring-context/4.3.22.RELEASE/spring-context-4.3.22.RELEASE.jar:/home/christian/.m2/repository/org/springframework/spring-tx/4.3.22.RELEASE/spring-tx-4.3.22.RELEASE.jar:/home/christian/.m2/repository/org/springframework/spring-beans/4.3.22.RELEASE/spring-beans-4.3.22.RELEASE.jar:/home/christian/.m2/repository/org/slf4j/slf4j-api/1.7.25/slf4j-api-1.7.25.jar:/home/christian/.m2/repository/org/slf4j/jcl-over-slf4j/1.7.25/jcl-over-slf4j-1.7.25.jar:/home/christian/.m2/repository/org/springframework/spring-aspects/4.3.22.RELEASE/spring-aspects-4.3.22.RELEASE.jar:/home/christian/.m2/repository/org/springframework/boot/spring-boot-starter-web/1.5.19.RELEASE/spring-boot-starter-web-1.5.19.RELEASE.jar:/home/christian/.m2/repository/org/springframework/boot/spring-boot-starter-tomcat/1.5.19.RELEASE/spring-boot-starter-tomcat-1.5.19.RELEASE.jar:/home/christian/.m2/repository/org/apache/tomcat/embed/tomcat-embed-core/8.5.37/tomcat-embed-core-8.5.37.jar:/home/christian/.m2/repository/org/apache/tomcat/tomcat-annotations-api/8.5.37/tomcat-annotations-api-8.5.37.jar:/home/christian/.m2/repository/org/apache/tomcat/embed/tomcat-embed-el/8.5.37/tomcat-embed-el-8.5.37.jar:/home/christian/.m2/repository/org/apache/tomcat/embed/tomcat-embed-websocket/8.5.37/tomcat-embed-websocket-8.5.37.jar:/home/christian/.m2/repository/org/hibernate/hibernate-validator/5.3.6.Final/hibernate-validator-5.3.6.Final.jar:/home/christian/.m2/repository/javax/validation/validation-api/1.1.0.Final/validation-api-1.1.0.Final.jar:/home/christian/.m2/repository/com/fasterxml/classmate/1.3.4/classmate-1.3.4.jar:/home/christian/.m2/repository/com/fasterxml/jackson/core/jackson-databind/2.8.11.3/jackson-databind-2.8.11.3.jar:/home/christian/.m2/repository/com/fasterxml/jackson/core/jackson-annotations/2.8.0/jackson-annotations-2.8.0.jar:/home/christian/.m2/repository/com/fasterxml/jackson/core/jackson-core/2.8.11/jackson-core-2.8.11.jar:/home/christian/.m2/repository/org/springframework/spring-web/4.3.22.RELEASE/spring-web-4.3.22.RELEASE.jar:/home/christian/.m2/repository/org/springframework/spring-webmvc/4.3.22.RELEASE/spring-webmvc-4.3.22.RELEASE.jar:/home/christian/.m2/repository/org/springframework/spring-expression/4.3.22.RELEASE/spring-expression-4.3.22.RELEASE.jar:/home/christian/.m2/repository/mysql/mysql-connector-java/5.1.47/mysql-connector-java-5.1.47.jar:/home/christian/.m2/repository/org/springframework/boot/spring-boot-starter-test/1.5.19.RELEASE/spring-boot-starter-test-1.5.19.RELEASE.jar:/home/christian/.m2/repository/org/springframework/boot/spring-boot-test/1.5.19.RELEASE/spring-boot-test-1.5.19.RELEASE.jar:/home/christian/.m2/repository/org/springframework/boot/spring-boot-test-autoconfigure/1.5.19.RELEASE/spring-boot-test-autoconfigure-1.5.19.RELEASE.jar:/home/christian/.m2/repository/com/jayway/jsonpath/json-path/2.2.0/json-path-2.2.0.jar:/home/christian/.m2/repository/net/minidev/json-smart/2.2.1/json-smart-2.2.1.jar:/home/christian/.m2/repository/net/minidev/accessors-smart/1.1/accessors-smart-1.1.jar:/home/christian/.m2/repository/org/ow2/asm/asm/5.0.3/asm-5.0.3.jar:/home/christian/.m2/repository/junit/junit/4.12/junit-4.12.jar:/home/christian/.m2/repository/org/assertj/assertj-core/2.6.0/assertj-core-2.6.0.jar:/home/christian/.m2/repository/org/mockito/mockito-core/1.10.19/mockito-core-1.10.19.jar:/home/christian/.m2/repository/org/objenesis/objenesis/2.1/objenesis-2.1.jar:/home/christian/.m2/repository/org/hamcrest/hamcrest-core/1.3/hamcrest-core-1.3.jar:/home/christian/.m2/repository/org/hamcrest/hamcrest-library/1.3/hamcrest-library-1.3.jar:/home/christian/.m2/repository/org/skyscreamer/jsonassert/1.4.0/jsonassert-1.4.0.jar:/home/christian/.m2/repository/com/vaadin/external/google/android-json/0.0.20131108.vaadin1/android-json-0.0.20131108.vaadin1.jar:/home/christian/.m2/repository/org/springframework/spring-core/4.3.22.RELEASE/spring-core-4.3.22.RELEASE.jar:/home/christian/.m2/repository/org/springframework/spring-test/4.3.22.RELEASE/spring-test-4.3.22.RELEASE.jar:, user.name=christian, java.vm.specification.version=1.8, sun.java.command=/home/christian/Escritorio/MB-Workspace/WebService-Angular-Spring-Backend/target/surefire/surefirebooter4998753294407083194.jar /home/christian/Escritorio/MB-Workspace/WebService-Angular-Spring-Backend/target/surefire/surefire307559227932101481tmp /home/christian/Escritorio/MB-Workspace/WebService-Angular-Spring-Backend/target/surefire/surefire_06083026419084903496tmp, java.home=/usr/lib/jvm/java-8-oracle/jre, sun.arch.data.model=64, user.language=es, java.specification.vendor=Oracle Corporation, awt.toolkit=sun.awt.X11.XToolkit, java.vm.info=mixed mode, java.version=1.8.0_191, java.ext.dirs=/usr/lib/jvm/java-8-oracle/jre/lib/ext:/usr/java/packages/lib/ext, sun.boot.class.path=/usr/lib/jvm/java-8-oracle/jre/lib/resources.jar:/usr/lib/jvm/java-8-oracle/jre/lib/rt.jar:/usr/lib/jvm/java-8-oracle/jre/lib/sunrsasign.jar:/usr/lib/jvm/java-8-oracle/jre/lib/jsse.jar:/usr/lib/jvm/java-8-oracle/jre/lib/jce.jar:/usr/lib/jvm/java-8-oracle/jre/lib/charsets.jar:/usr/lib/jvm/java-8-oracle/jre/lib/jfr.jar:/usr/lib/jvm/java-8-oracle/jre/classes, java.vendor=Oracle Corporation, localRepository=/home/christian/.m2/repository, file.separator=/, java.vendor.url.bug=http://bugreport.sun.com/bugreport/, sun.io.unicode.encoding=UnicodeLittle, sun.cpu.endian=little, sun.desktop=gnome, sun.cpu.isalist=}}, SystemEnvironmentPropertySource@133250414 {name='systemEnvironment', properties={PATH=:/usr/local/sbin:/usr/local/bin:/usr/sbin:/usr/bin:/sbin:/bin:/usr/games:/usr/local/games, XAUTHORITY=/home/christian/.Xauthority, XDG_DATA_DIRS=/usr/share/cinnamon:/usr/share/gnome:/home/christian/.local/share/flatpak/exports/share:/var/lib/flatpak/exports/share:/usr/local/share:/usr/share, GDMSESSION=cinnamon, MANDATORY_PATH=/usr/share/gconf/cinnamon.mandatory.path, DBUS_SESSION_BUS_ADDRESS=unix:path=/run/user/1000/bus, DEFAULTS_PATH=/usr/share/gconf/cinnamon.default.path, XDG_CURRENT_DESKTOP=X-Cinnamon, SSH_AGENT_PID=1677, DESKTOP_AUTOSTART_ID=109da3c0679293f382158199996992755500000016130047, COLORTERM=truecolor, SESSION_MANAGER=local/christian-Lenovo-ideapad-320-15ISK:@/tmp/.ICE-unix/1613,unix/christian-Lenovo-ideapad-320-15ISK:/tmp/.ICE-unix/1613, LOGNAME=christian, PWD=/home/christian/Escritorio/MB-Workspace/WebService-Angular-Spring-Backend, LANGUAGE=es_MX:es, SHELL=/bin/bash, LESSOPEN=| /usr/bin/lesspipe %s, OLDPWD=/home/christian/Escritorio/MB-Workspace/WebService-Angular-Spring-Backend, GNOME_DESKTOP_SESSION_ID=this-is-deprecated, GNOME_TERMINAL_SCREEN=/org/gnome/Terminal/screen/b587a312_c480_4b2a_bae0_0e40aa022193, GTK_MODULES=gail:atk-bridge, PASSWORD=root, XDG_SESSION_PATH=/org/freedesktop/DisplayManager/Session0, LS_COLORS=rs=0:di=01;34:ln=01;36:mh=00:pi=40;33:so=01;35:do=01;35:bd=40;33;01:cd=40;33;01:or=40;31;01:mi=00:su=37;41:sg=30;43:ca=30;41:tw=30;42:ow=34;42:st=37;44:ex=01;32:*.tar=01;31:*.tgz=01;31:*.arc=01;31:*.arj=01;31:*.taz=01;31:*.lha=01;31:*.lz4=01;31:*.lzh=01;31:*.lzma=01;31:*.tlz=01;31:*.txz=01;31:*.tzo=01;31:*.t7z=01;31:*.zip=01;31:*.z=01;31:*.Z=01;31:*.dz=01;31:*.gz=01;31:*.lrz=01;31:*.lz=01;31:*.lzo=01;31:*.xz=01;31:*.zst=01;31:*.tzst=01;31:*.bz2=01;31:*.bz=01;31:*.tbz=01;31:*.tbz2=01;31:*.tz=01;31:*.deb=01;31:*.rpm=01;31:*.jar=01;31:*.war=01;31:*.ear=01;31:*.sar=01;31:*.rar=01;31:*.alz=01;31:*.ace=01;31:*.zoo=01;31:*.cpio=01;31:*.7z=01;31:*.rz=01;31:*.cab=01;31:*.wim=01;31:*.swm=01;31:*.dwm=01;31:*.esd=01;31:*.jpg=01;35:*.jpeg=01;35:*.mjpg=01;35:*.mjpeg=01;35:*.gif=01;35:*.bmp=01;35:*.pbm=01;35:*.pgm=01;35:*.ppm=01;35:*.tga=01;35:*.xbm=01;35:*.xpm=01;35:*.tif=01;35:*.tiff=01;35:*.png=01;35:*.svg=01;35:*.svgz=01;35:*.mng=01;35:*.pcx=01;35:*.mov=01;35:*.mpg=01;35:*.mpeg=01;35:*.m2v=01;35:*.mkv=01;35:*.webm=01;35:*.ogm=01;35:*.mp4=01;35:*.m4v=01;35:*.mp4v=01;35:*.vob=01;35:*.qt=01;35:*.nuv=01;35:*.wmv=01;35:*.asf=01;35:*.rm=01;35:*.rmvb=01;35:*.flc=01;35:*.avi=01;35:*.fli=01;35:*.flv=01;35:*.gl=01;35:*.dl=01;35:*.xcf=01;35:*.xwd=01;35:*.yuv=01;35:*.cgm=01;35:*.emf=01;35:*.ogv=01;35:*.ogx=01;35:*.aac=00;36:*.au=00;36:*.flac=00;36:*.m4a=00;36:*.mid=00;36:*.midi=00;36:*.mka=00;36:*.mp3=00;36:*.mpc=00;36:*.ogg=00;36:*.ra=00;36:*.wav=00;36:*.oga=00;36:*.opus=00;36:*.spx=00;36:*.xspf=00;36:, XDG_SESSION_DESKTOP=cinnamon, SHLVL=1, LESSCLOSE=/usr/bin/lesspipe %s %s, JAVA_HOME=/usr/lib/jvm/java-8-oracle/jre, TERM=xterm-256color, XDG_CONFIG_DIRS=/etc/xdg/xdg-cinnamon:/etc/xdg, GNOME_TERMINAL_SERVICE=:1.139, LANG=es_MX.UTF-8, XDG_SEAT_PATH=/org/freedesktop/DisplayManager/Seat0, XDG_SESSION_ID=c2, XDG_SESSION_TYPE=x11, DISPLAY=:0, MAVEN_CMD_LINE_ARGS= clean package, _=/usr/bin/mvn, GDM_LANG=es_MX, XDG_GREETER_DATA_DIR=/var/lib/lightdm-data/christian, GPG_AGENT_INFO=/run/user/1000/gnupg/S.gpg-agent:0:1, MAVEN_PROJECTBASEDIR=/home/christian/Escritorio/MB-Workspace/WebService-Angular-Spring-Backend, DESKTOP_SESSION=cinnamon, USER=christian, VTE_VERSION=5202, QT_ACCESSIBILITY=1, SSH_AUTH_SOCK=/run/user/1000/keyring/ssh, XDG_SEAT=seat0, CONFIG_SERVICE_PASSWORD=kydann2135, GTK_OVERLAY_SCROLLING=1, QT_QPA_PLATFORMTHEME=qt5ct, XDG_VTNR=7, XDG_RUNTIME_DIR=/run/user/1000, HOME=/home/christian}}]
18:31:58.729 [main] DEBUG org.springframework.core.io.support.PathMatchingResourcePatternResolver - Resolved classpath location [com/sinfloo/ejemplo01/] to resources [URL [file:/home/christian/Escritorio/MB-Workspace/WebService-Angular-Spring-Backend/target/test-classes/com/sinfloo/ejemplo01/]]
18:31:58.736 [main] DEBUG org.springframework.core.io.support.PathMatchingResourcePatternResolver - Looking for matching resources in directory tree [/home/christian/Escritorio/MB-Workspace/WebService-Angular-Spring-Backend/target/test-classes/com/sinfloo/ejemplo01]
18:31:58.737 [main] DEBUG org.springframework.core.io.support.PathMatchingResourcePatternResolver - Searching directory [/home/christian/Escritorio/MB-Workspace/WebService-Angular-Spring-Backend/target/test-classes/com/sinfloo/ejemplo01] for files matching pattern [/home/christian/Escritorio/MB-Workspace/WebService-Angular-Spring-Backend/target/test-classes/com/sinfloo/ejemplo01/*.class]
18:31:58.743 [main] DEBUG org.springframework.core.io.support.PathMatchingResourcePatternResolver - Resolved location pattern [classpath*:com/sinfloo/ejemplo01/*.class] to resources [file [/home/christian/Escritorio/MB-Workspace/WebService-Angular-Spring-Backend/target/test-classes/com/sinfloo/ejemplo01/Ejemplo01ApplicationTests.class]]
18:31:58.779 [main] DEBUG org.springframework.core.io.support.PathMatchingResourcePatternResolver - Resolved classpath location [com/sinfloo/] to resources [URL [file:/home/christian/Escritorio/MB-Workspace/WebService-Angular-Spring-Backend/target/test-classes/com/sinfloo/], URL [file:/home/christian/Escritorio/MB-Workspace/WebService-Angular-Spring-Backend/target/classes/com/sinfloo/]]
18:31:58.779 [main] DEBUG org.springframework.core.io.support.PathMatchingResourcePatternResolver - Looking for matching resources in directory tree [/home/christian/Escritorio/MB-Workspace/WebService-Angular-Spring-Backend/target/test-classes/com/sinfloo]
18:31:58.780 [main] DEBUG org.springframework.core.io.support.PathMatchingResourcePatternResolver - Searching directory [/home/christian/Escritorio/MB-Workspace/WebService-Angular-Spring-Backend/target/test-classes/com/sinfloo] for files matching pattern [/home/christian/Escritorio/MB-Workspace/WebService-Angular-Spring-Backend/target/test-classes/com/sinfloo/*.class]
18:31:58.781 [main] DEBUG org.springframework.core.io.support.PathMatchingResourcePatternResolver - Looking for matching resources in directory tree [/home/christian/Escritorio/MB-Workspace/WebService-Angular-Spring-Backend/target/classes/com/sinfloo]
18:31:58.781 [main] DEBUG org.springframework.core.io.support.PathMatchingResourcePatternResolver - Searching directory [/home/christian/Escritorio/MB-Workspace/WebService-Angular-Spring-Backend/target/classes/com/sinfloo] for files matching pattern [/home/christian/Escritorio/MB-Workspace/WebService-Angular-Spring-Backend/target/classes/com/sinfloo/*.class]
18:31:58.782 [main] DEBUG org.springframework.core.io.support.PathMatchingResourcePatternResolver - Resolved location pattern [classpath*:com/sinfloo/*.class] to resources []
18:31:58.785 [main] DEBUG org.springframework.core.io.support.PathMatchingResourcePatternResolver - Resolved classpath location [com/] to resources [URL [file:/home/christian/Escritorio/MB-Workspace/WebService-Angular-Spring-Backend/target/test-classes/com/], URL [file:/home/christian/Escritorio/MB-Workspace/WebService-Angular-Spring-Backend/target/classes/com/], URL [jar:file:/home/christian/.m2/repository/com/fasterxml/classmate/1.3.4/classmate-1.3.4.jar!/com/], URL [jar:file:/home/christian/.m2/repository/com/fasterxml/jackson/core/jackson-databind/2.8.11.3/jackson-databind-2.8.11.3.jar!/com/], URL [jar:file:/home/christian/.m2/repository/com/fasterxml/jackson/core/jackson-annotations/2.8.0/jackson-annotations-2.8.0.jar!/com/], URL [jar:file:/home/christian/.m2/repository/com/fasterxml/jackson/core/jackson-core/2.8.11/jackson-core-2.8.11.jar!/com/], URL [jar:file:/home/christian/.m2/repository/mysql/mysql-connector-java/5.1.47/mysql-connector-java-5.1.47.jar!/com/], URL [jar:file:/home/christian/.m2/repository/com/jayway/jsonpath/json-path/2.2.0/json-path-2.2.0.jar!/com/]]
18:31:58.785 [main] DEBUG org.springframework.core.io.support.PathMatchingResourcePatternResolver - Looking for matching resources in directory tree [/home/christian/Escritorio/MB-Workspace/WebService-Angular-Spring-Backend/target/test-classes/com]
18:31:58.786 [main] DEBUG org.springframework.core.io.support.PathMatchingResourcePatternResolver - Searching directory [/home/christian/Escritorio/MB-Workspace/WebService-Angular-Spring-Backend/target/test-classes/com] for files matching pattern [/home/christian/Escritorio/MB-Workspace/WebService-Angular-Spring-Backend/target/test-classes/com/*.class]
18:31:58.786 [main] DEBUG org.springframework.core.io.support.PathMatchingResourcePatternResolver - Looking for matching resources in directory tree [/home/christian/Escritorio/MB-Workspace/WebService-Angular-Spring-Backend/target/classes/com]
18:31:58.787 [main] DEBUG org.springframework.core.io.support.PathMatchingResourcePatternResolver - Searching directory [/home/christian/Escritorio/MB-Workspace/WebService-Angular-Spring-Backend/target/classes/com] for files matching pattern [/home/christian/Escritorio/MB-Workspace/WebService-Angular-Spring-Backend/target/classes/com/*.class]
18:31:58.787 [main] DEBUG org.springframework.core.io.support.PathMatchingResourcePatternResolver - Looking for matching resources in jar file [file:/home/christian/.m2/repository/com/fasterxml/classmate/1.3.4/classmate-1.3.4.jar]
18:31:58.789 [main] DEBUG org.springframework.core.io.support.PathMatchingResourcePatternResolver - Looking for matching resources in jar file [file:/home/christian/.m2/repository/com/fasterxml/jackson/core/jackson-databind/2.8.11.3/jackson-databind-2.8.11.3.jar]
18:31:58.828 [main] DEBUG org.springframework.core.io.support.PathMatchingResourcePatternResolver - Looking for matching resources in jar file [file:/home/christian/.m2/repository/com/fasterxml/jackson/core/jackson-annotations/2.8.0/jackson-annotations-2.8.0.jar]
18:31:58.833 [main] DEBUG org.springframework.core.io.support.PathMatchingResourcePatternResolver - Looking for matching resources in jar file [file:/home/christian/.m2/repository/com/fasterxml/jackson/core/jackson-core/2.8.11/jackson-core-2.8.11.jar]
18:31:58.838 [main] DEBUG org.springframework.core.io.support.PathMatchingResourcePatternResolver - Looking for matching resources in jar file [file:/home/christian/.m2/repository/mysql/mysql-connector-java/5.1.47/mysql-connector-java-5.1.47.jar]
18:31:58.844 [main] DEBUG org.springframework.core.io.support.PathMatchingResourcePatternResolver - Looking for matching resources in jar file [file:/home/christian/.m2/repository/com/jayway/jsonpath/json-path/2.2.0/json-path-2.2.0.jar]
18:31:58.847 [main] DEBUG org.springframework.core.io.support.PathMatchingResourcePatternResolver - Resolved location pattern [classpath*:com/*.class] to resources []
18:31:58.857 [main] DEBUG org.springframework.test.context.junit4.SpringJUnit4ClassRunner - SpringJUnit4ClassRunner constructor called with [class com.sinfloo.ejemplo01.Ejemplo01ApplicationTests]
18:31:58.858 [main] DEBUG org.springframework.test.context.BootstrapUtils - Instantiating CacheAwareContextLoaderDelegate from class [org.springframework.test.context.cache.DefaultCacheAwareContextLoaderDelegate]
18:31:58.859 [main] DEBUG org.springframework.test.context.BootstrapUtils - Instantiating BootstrapContext using constructor [public org.springframework.test.context.support.DefaultBootstrapContext(java.lang.Class,org.springframework.test.context.CacheAwareContextLoaderDelegate)]
18:31:58.859 [main] DEBUG org.springframework.test.context.BootstrapUtils - Instantiating TestContextBootstrapper for test class [com.sinfloo.ejemplo01.Ejemplo01ApplicationTests] from class [org.springframework.boot.test.context.SpringBootTestContextBootstrapper]
18:31:58.862 [main] INFO org.springframework.boot.test.context.SpringBootTestContextBootstrapper - Neither @ContextConfiguration nor @ContextHierarchy found for test class [com.sinfloo.ejemplo01.Ejemplo01ApplicationTests], using SpringBootContextLoader
18:31:58.864 [main] DEBUG org.springframework.test.context.support.AbstractContextLoader - Did not detect default resource location for test class [com.sinfloo.ejemplo01.Ejemplo01ApplicationTests]: class path resource [com/sinfloo/ejemplo01/Ejemplo01ApplicationTests-context.xml] does not exist
18:31:58.865 [main] DEBUG org.springframework.test.context.support.AbstractContextLoader - Did not detect default resource location for test class [com.sinfloo.ejemplo01.Ejemplo01ApplicationTests]: class path resource [com/sinfloo/ejemplo01/Ejemplo01ApplicationTestsContext.groovy] does not exist
18:31:58.866 [main] INFO org.springframework.test.context.support.AbstractContextLoader - Could not detect default resource locations for test class [com.sinfloo.ejemplo01.Ejemplo01ApplicationTests]: no resource found for suffixes {-context.xml, Context.groovy}.
18:31:58.866 [main] INFO org.springframework.test.context.support.AnnotationConfigContextLoaderUtils - Could not detect default configuration classes for test class [com.sinfloo.ejemplo01.Ejemplo01ApplicationTests]: Ejemplo01ApplicationTests does not declare any static, non-private, non-final, nested classes annotated with @Configuration.
18:31:58.874 [main] DEBUG org.springframework.test.context.support.ActiveProfilesUtils - Could not find an 'annotation declaring class' for annotation type [org.springframework.test.context.ActiveProfiles] and class [com.sinfloo.ejemplo01.Ejemplo01ApplicationTests]
18:31:58.875 [main] DEBUG org.springframework.core.env.StandardEnvironment - Adding PropertySource 'systemProperties' with lowest search precedence
18:31:58.875 [main] DEBUG org.springframework.core.env.StandardEnvironment - Adding PropertySource 'systemEnvironment' with lowest search precedence
18:31:58.876 [main] DEBUG org.springframework.core.env.StandardEnvironment - Initialized StandardEnvironment with PropertySources [MapPropertySource@511473681 {name='systemProperties', properties={java.runtime.name=Java(TM) SE Runtime Environment, sun.boot.library.path=/usr/lib/jvm/java-8-oracle/jre/lib/amd64, java.vm.version=25.191-b12, java.vm.vendor=Oracle Corporation, java.vendor.url=http://java.oracle.com/, path.separator=:, java.vm.name=Java HotSpot(TM) 64-Bit Server VM, file.encoding.pkg=sun.io, user.country=MX, sun.java.launcher=SUN_STANDARD, sun.os.patch.level=unknown, java.vm.specification.name=Java Virtual Machine Specification, user.dir=/home/christian/Escritorio/MB-Workspace/WebService-Angular-Spring-Backend, java.runtime.version=1.8.0_191-b12, basedir=/home/christian/Escritorio/MB-Workspace/WebService-Angular-Spring-Backend, java.awt.graphicsenv=sun.awt.X11GraphicsEnvironment, java.endorsed.dirs=/usr/lib/jvm/java-8-oracle/jre/lib/endorsed, os.arch=amd64, surefire.real.class.path=/home/christian/Escritorio/MB-Workspace/WebService-Angular-Spring-Backend/target/surefire/surefirebooter4998753294407083194.jar, java.io.tmpdir=/tmp, line.separator=
, java.vm.specification.vendor=Oracle Corporation, os.name=Linux, sun.jnu.encoding=UTF-8, java.library.path=/usr/java/packages/lib/amd64:/usr/lib64:/lib64:/lib:/usr/lib, surefire.test.class.path=/home/christian/Escritorio/MB-Workspace/WebService-Angular-Spring-Backend/target/test-classes:/home/christian/Escritorio/MB-Workspace/WebService-Angular-Spring-Backend/target/classes:/home/christian/.m2/repository/org/springframework/boot/spring-boot-starter-data-jpa/1.5.19.RELEASE/spring-boot-starter-data-jpa-1.5.19.RELEASE.jar:/home/christian/.m2/repository/org/springframework/boot/spring-boot-starter/1.5.19.RELEASE/spring-boot-starter-1.5.19.RELEASE.jar:/home/christian/.m2/repository/org/springframework/boot/spring-boot/1.5.19.RELEASE/spring-boot-1.5.19.RELEASE.jar:/home/christian/.m2/repository/org/springframework/boot/spring-boot-autoconfigure/1.5.19.RELEASE/spring-boot-autoconfigure-1.5.19.RELEASE.jar:/home/christian/.m2/repository/org/springframework/boot/spring-boot-starter-logging/1.5.19.RELEASE/spring-boot-starter-logging-1.5.19.RELEASE.jar:/home/christian/.m2/repository/ch/qos/logback/logback-classic/1.1.11/logback-classic-1.1.11.jar:/home/christian/.m2/repository/ch/qos/logback/logback-core/1.1.11/logback-core-1.1.11.jar:/home/christian/.m2/repository/org/slf4j/jul-to-slf4j/1.7.25/jul-to-slf4j-1.7.25.jar:/home/christian/.m2/repository/org/slf4j/log4j-over-slf4j/1.7.25/log4j-over-slf4j-1.7.25.jar:/home/christian/.m2/repository/org/yaml/snakeyaml/1.17/snakeyaml-1.17.jar:/home/christian/.m2/repository/org/springframework/boot/spring-boot-starter-aop/1.5.19.RELEASE/spring-boot-starter-aop-1.5.19.RELEASE.jar:/home/christian/.m2/repository/org/springframework/spring-aop/4.3.22.RELEASE/spring-aop-4.3.22.RELEASE.jar:/home/christian/.m2/repository/org/aspectj/aspectjweaver/1.8.13/aspectjweaver-1.8.13.jar:/home/christian/.m2/repository/org/springframework/boot/spring-boot-starter-jdbc/1.5.19.RELEASE/spring-boot-starter-jdbc-1.5.19.RELEASE.jar:/home/christian/.m2/repository/org/apache/tomcat/tomcat-jdbc/8.5.37/tomcat-jdbc-8.5.37.jar:/home/christian/.m2/repository/org/apache/tomcat/tomcat-juli/8.5.37/tomcat-juli-8.5.37.jar:/home/christian/.m2/repository/org/springframework/spring-jdbc/4.3.22.RELEASE/spring-jdbc-4.3.22.RELEASE.jar:/home/christian/.m2/repository/org/hibernate/hibernate-core/5.0.12.Final/hibernate-core-5.0.12.Final.jar:/home/christian/.m2/repository/org/jboss/logging/jboss-logging/3.3.2.Final/jboss-logging-3.3.2.Final.jar:/home/christian/.m2/repository/org/hibernate/javax/persistence/hibernate-jpa-2.1-api/1.0.0.Final/hibernate-jpa-2.1-api-1.0.0.Final.jar:/home/christian/.m2/repository/org/javassist/javassist/3.21.0-GA/javassist-3.21.0-GA.jar:/home/christian/.m2/repository/antlr/antlr/2.7.7/antlr-2.7.7.jar:/home/christian/.m2/repository/org/jboss/jandex/2.0.0.Final/jandex-2.0.0.Final.jar:/home/christian/.m2/repository/dom4j/dom4j/1.6.1/dom4j-1.6.1.jar:/home/christian/.m2/repository/org/hibernate/common/hibernate-commons-annotations/5.0.1.Final/hibernate-commons-annotations-5.0.1.Final.jar:/home/christian/.m2/repository/org/hibernate/hibernate-entitymanager/5.0.12.Final/hibernate-entitymanager-5.0.12.Final.jar:/home/christian/.m2/repository/javax/transaction/javax.transaction-api/1.2/javax.transaction-api-1.2.jar:/home/christian/.m2/repository/org/springframework/data/spring-data-jpa/1.11.18.RELEASE/spring-data-jpa-1.11.18.RELEASE.jar:/home/christian/.m2/repository/org/springframework/data/spring-data-commons/1.13.18.RELEASE/spring-data-commons-1.13.18.RELEASE.jar:/home/christian/.m2/repository/org/springframework/spring-orm/4.3.22.RELEASE/spring-orm-4.3.22.RELEASE.jar:/home/christian/.m2/repository/org/springframework/spring-context/4.3.22.RELEASE/spring-context-4.3.22.RELEASE.jar:/home/christian/.m2/repository/org/springframework/spring-tx/4.3.22.RELEASE/spring-tx-4.3.22.RELEASE.jar:/home/christian/.m2/repository/org/springframework/spring-beans/4.3.22.RELEASE/spring-beans-4.3.22.RELEASE.jar:/home/christian/.m2/repository/org/slf4j/slf4j-api/1.7.25/slf4j-api-1.7.25.jar:/home/christian/.m2/repository/org/slf4j/jcl-over-slf4j/1.7.25/jcl-over-slf4j-1.7.25.jar:/home/christian/.m2/repository/org/springframework/spring-aspects/4.3.22.RELEASE/spring-aspects-4.3.22.RELEASE.jar:/home/christian/.m2/repository/org/springframework/boot/spring-boot-starter-web/1.5.19.RELEASE/spring-boot-starter-web-1.5.19.RELEASE.jar:/home/christian/.m2/repository/org/springframework/boot/spring-boot-starter-tomcat/1.5.19.RELEASE/spring-boot-starter-tomcat-1.5.19.RELEASE.jar:/home/christian/.m2/repository/org/apache/tomcat/embed/tomcat-embed-core/8.5.37/tomcat-embed-core-8.5.37.jar:/home/christian/.m2/repository/org/apache/tomcat/tomcat-annotations-api/8.5.37/tomcat-annotations-api-8.5.37.jar:/home/christian/.m2/repository/org/apache/tomcat/embed/tomcat-embed-el/8.5.37/tomcat-embed-el-8.5.37.jar:/home/christian/.m2/repository/org/apache/tomcat/embed/tomcat-embed-websocket/8.5.37/tomcat-embed-websocket-8.5.37.jar:/home/christian/.m2/repository/org/hibernate/hibernate-validator/5.3.6.Final/hibernate-validator-5.3.6.Final.jar:/home/christian/.m2/repository/javax/validation/validation-api/1.1.0.Final/validation-api-1.1.0.Final.jar:/home/christian/.m2/repository/com/fasterxml/classmate/1.3.4/classmate-1.3.4.jar:/home/christian/.m2/repository/com/fasterxml/jackson/core/jackson-databind/2.8.11.3/jackson-databind-2.8.11.3.jar:/home/christian/.m2/repository/com/fasterxml/jackson/core/jackson-annotations/2.8.0/jackson-annotations-2.8.0.jar:/home/christian/.m2/repository/com/fasterxml/jackson/core/jackson-core/2.8.11/jackson-core-2.8.11.jar:/home/christian/.m2/repository/org/springframework/spring-web/4.3.22.RELEASE/spring-web-4.3.22.RELEASE.jar:/home/christian/.m2/repository/org/springframework/spring-webmvc/4.3.22.RELEASE/spring-webmvc-4.3.22.RELEASE.jar:/home/christian/.m2/repository/org/springframework/spring-expression/4.3.22.RELEASE/spring-expression-4.3.22.RELEASE.jar:/home/christian/.m2/repository/mysql/mysql-connector-java/5.1.47/mysql-connector-java-5.1.47.jar:/home/christian/.m2/repository/org/springframework/boot/spring-boot-starter-test/1.5.19.RELEASE/spring-boot-starter-test-1.5.19.RELEASE.jar:/home/christian/.m2/repository/org/springframework/boot/spring-boot-test/1.5.19.RELEASE/spring-boot-test-1.5.19.RELEASE.jar:/home/christian/.m2/repository/org/springframework/boot/spring-boot-test-autoconfigure/1.5.19.RELEASE/spring-boot-test-autoconfigure-1.5.19.RELEASE.jar:/home/christian/.m2/repository/com/jayway/jsonpath/json-path/2.2.0/json-path-2.2.0.jar:/home/christian/.m2/repository/net/minidev/json-smart/2.2.1/json-smart-2.2.1.jar:/home/christian/.m2/repository/net/minidev/accessors-smart/1.1/accessors-smart-1.1.jar:/home/christian/.m2/repository/org/ow2/asm/asm/5.0.3/asm-5.0.3.jar:/home/christian/.m2/repository/junit/junit/4.12/junit-4.12.jar:/home/christian/.m2/repository/org/assertj/assertj-core/2.6.0/assertj-core-2.6.0.jar:/home/christian/.m2/repository/org/mockito/mockito-core/1.10.19/mockito-core-1.10.19.jar:/home/christian/.m2/repository/org/objenesis/objenesis/2.1/objenesis-2.1.jar:/home/christian/.m2/repository/org/hamcrest/hamcrest-core/1.3/hamcrest-core-1.3.jar:/home/christian/.m2/repository/org/hamcrest/hamcrest-library/1.3/hamcrest-library-1.3.jar:/home/christian/.m2/repository/org/skyscreamer/jsonassert/1.4.0/jsonassert-1.4.0.jar:/home/christian/.m2/repository/com/vaadin/external/google/android-json/0.0.20131108.vaadin1/android-json-0.0.20131108.vaadin1.jar:/home/christian/.m2/repository/org/springframework/spring-core/4.3.22.RELEASE/spring-core-4.3.22.RELEASE.jar:/home/christian/.m2/repository/org/springframework/spring-test/4.3.22.RELEASE/spring-test-4.3.22.RELEASE.jar:, java.specification.name=Java Platform API Specification, java.class.version=52.0, sun.management.compiler=HotSpot 64-Bit Tiered Compilers, os.version=4.15.0-54-generic, user.home=/home/christian, user.timezone=America/Mexico_City, java.awt.printerjob=sun.print.PSPrinterJob, file.encoding=UTF-8, java.specification.version=1.8, java.class.path=/home/christian/Escritorio/MB-Workspace/WebService-Angular-Spring-Backend/target/test-classes:/home/christian/Escritorio/MB-Workspace/WebService-Angular-Spring-Backend/target/classes:/home/christian/.m2/repository/org/springframework/boot/spring-boot-starter-data-jpa/1.5.19.RELEASE/spring-boot-starter-data-jpa-1.5.19.RELEASE.jar:/home/christian/.m2/repository/org/springframework/boot/spring-boot-starter/1.5.19.RELEASE/spring-boot-starter-1.5.19.RELEASE.jar:/home/christian/.m2/repository/org/springframework/boot/spring-boot/1.5.19.RELEASE/spring-boot-1.5.19.RELEASE.jar:/home/christian/.m2/repository/org/springframework/boot/spring-boot-autoconfigure/1.5.19.RELEASE/spring-boot-autoconfigure-1.5.19.RELEASE.jar:/home/christian/.m2/repository/org/springframework/boot/spring-boot-starter-logging/1.5.19.RELEASE/spring-boot-starter-logging-1.5.19.RELEASE.jar:/home/christian/.m2/repository/ch/qos/logback/logback-classic/1.1.11/logback-classic-1.1.11.jar:/home/christian/.m2/repository/ch/qos/logback/logback-core/1.1.11/logback-core-1.1.11.jar:/home/christian/.m2/repository/org/slf4j/jul-to-slf4j/1.7.25/jul-to-slf4j-1.7.25.jar:/home/christian/.m2/repository/org/slf4j/log4j-over-slf4j/1.7.25/log4j-over-slf4j-1.7.25.jar:/home/christian/.m2/repository/org/yaml/snakeyaml/1.17/snakeyaml-1.17.jar:/home/christian/.m2/repository/org/springframework/boot/spring-boot-starter-aop/1.5.19.RELEASE/spring-boot-starter-aop-1.5.19.RELEASE.jar:/home/christian/.m2/repository/org/springframework/spring-aop/4.3.22.RELEASE/spring-aop-4.3.22.RELEASE.jar:/home/christian/.m2/repository/org/aspectj/aspectjweaver/1.8.13/aspectjweaver-1.8.13.jar:/home/christian/.m2/repository/org/springframework/boot/spring-boot-starter-jdbc/1.5.19.RELEASE/spring-boot-starter-jdbc-1.5.19.RELEASE.jar:/home/christian/.m2/repository/org/apache/tomcat/tomcat-jdbc/8.5.37/tomcat-jdbc-8.5.37.jar:/home/christian/.m2/repository/org/apache/tomcat/tomcat-juli/8.5.37/tomcat-juli-8.5.37.jar:/home/christian/.m2/repository/org/springframework/spring-jdbc/4.3.22.RELEASE/spring-jdbc-4.3.22.RELEASE.jar:/home/christian/.m2/repository/org/hibernate/hibernate-core/5.0.12.Final/hibernate-core-5.0.12.Final.jar:/home/christian/.m2/repository/org/jboss/logging/jboss-logging/3.3.2.Final/jboss-logging-3.3.2.Final.jar:/home/christian/.m2/repository/org/hibernate/javax/persistence/hibernate-jpa-2.1-api/1.0.0.Final/hibernate-jpa-2.1-api-1.0.0.Final.jar:/home/christian/.m2/repository/org/javassist/javassist/3.21.0-GA/javassist-3.21.0-GA.jar:/home/christian/.m2/repository/antlr/antlr/2.7.7/antlr-2.7.7.jar:/home/christian/.m2/repository/org/jboss/jandex/2.0.0.Final/jandex-2.0.0.Final.jar:/home/christian/.m2/repository/dom4j/dom4j/1.6.1/dom4j-1.6.1.jar:/home/christian/.m2/repository/org/hibernate/common/hibernate-commons-annotations/5.0.1.Final/hibernate-commons-annotations-5.0.1.Final.jar:/home/christian/.m2/repository/org/hibernate/hibernate-entitymanager/5.0.12.Final/hibernate-entitymanager-5.0.12.Final.jar:/home/christian/.m2/repository/javax/transaction/javax.transaction-api/1.2/javax.transaction-api-1.2.jar:/home/christian/.m2/repository/org/springframework/data/spring-data-jpa/1.11.18.RELEASE/spring-data-jpa-1.11.18.RELEASE.jar:/home/christian/.m2/repository/org/springframework/data/spring-data-commons/1.13.18.RELEASE/spring-data-commons-1.13.18.RELEASE.jar:/home/christian/.m2/repository/org/springframework/spring-orm/4.3.22.RELEASE/spring-orm-4.3.22.RELEASE.jar:/home/christian/.m2/repository/org/springframework/spring-context/4.3.22.RELEASE/spring-context-4.3.22.RELEASE.jar:/home/christian/.m2/repository/org/springframework/spring-tx/4.3.22.RELEASE/spring-tx-4.3.22.RELEASE.jar:/home/christian/.m2/repository/org/springframework/spring-beans/4.3.22.RELEASE/spring-beans-4.3.22.RELEASE.jar:/home/christian/.m2/repository/org/slf4j/slf4j-api/1.7.25/slf4j-api-1.7.25.jar:/home/christian/.m2/repository/org/slf4j/jcl-over-slf4j/1.7.25/jcl-over-slf4j-1.7.25.jar:/home/christian/.m2/repository/org/springframework/spring-aspects/4.3.22.RELEASE/spring-aspects-4.3.22.RELEASE.jar:/home/christian/.m2/repository/org/springframework/boot/spring-boot-starter-web/1.5.19.RELEASE/spring-boot-starter-web-1.5.19.RELEASE.jar:/home/christian/.m2/repository/org/springframework/boot/spring-boot-starter-tomcat/1.5.19.RELEASE/spring-boot-starter-tomcat-1.5.19.RELEASE.jar:/home/christian/.m2/repository/org/apache/tomcat/embed/tomcat-embed-core/8.5.37/tomcat-embed-core-8.5.37.jar:/home/christian/.m2/repository/org/apache/tomcat/tomcat-annotations-api/8.5.37/tomcat-annotations-api-8.5.37.jar:/home/christian/.m2/repository/org/apache/tomcat/embed/tomcat-embed-el/8.5.37/tomcat-embed-el-8.5.37.jar:/home/christian/.m2/repository/org/apache/tomcat/embed/tomcat-embed-websocket/8.5.37/tomcat-embed-websocket-8.5.37.jar:/home/christian/.m2/repository/org/hibernate/hibernate-validator/5.3.6.Final/hibernate-validator-5.3.6.Final.jar:/home/christian/.m2/repository/javax/validation/validation-api/1.1.0.Final/validation-api-1.1.0.Final.jar:/home/christian/.m2/repository/com/fasterxml/classmate/1.3.4/classmate-1.3.4.jar:/home/christian/.m2/repository/com/fasterxml/jackson/core/jackson-databind/2.8.11.3/jackson-databind-2.8.11.3.jar:/home/christian/.m2/repository/com/fasterxml/jackson/core/jackson-annotations/2.8.0/jackson-annotations-2.8.0.jar:/home/christian/.m2/repository/com/fasterxml/jackson/core/jackson-core/2.8.11/jackson-core-2.8.11.jar:/home/christian/.m2/repository/org/springframework/spring-web/4.3.22.RELEASE/spring-web-4.3.22.RELEASE.jar:/home/christian/.m2/repository/org/springframework/spring-webmvc/4.3.22.RELEASE/spring-webmvc-4.3.22.RELEASE.jar:/home/christian/.m2/repository/org/springframework/spring-expression/4.3.22.RELEASE/spring-expression-4.3.22.RELEASE.jar:/home/christian/.m2/repository/mysql/mysql-connector-java/5.1.47/mysql-connector-java-5.1.47.jar:/home/christian/.m2/repository/org/springframework/boot/spring-boot-starter-test/1.5.19.RELEASE/spring-boot-starter-test-1.5.19.RELEASE.jar:/home/christian/.m2/repository/org/springframework/boot/spring-boot-test/1.5.19.RELEASE/spring-boot-test-1.5.19.RELEASE.jar:/home/christian/.m2/repository/org/springframework/boot/spring-boot-test-autoconfigure/1.5.19.RELEASE/spring-boot-test-autoconfigure-1.5.19.RELEASE.jar:/home/christian/.m2/repository/com/jayway/jsonpath/json-path/2.2.0/json-path-2.2.0.jar:/home/christian/.m2/repository/net/minidev/json-smart/2.2.1/json-smart-2.2.1.jar:/home/christian/.m2/repository/net/minidev/accessors-smart/1.1/accessors-smart-1.1.jar:/home/christian/.m2/repository/org/ow2/asm/asm/5.0.3/asm-5.0.3.jar:/home/christian/.m2/repository/junit/junit/4.12/junit-4.12.jar:/home/christian/.m2/repository/org/assertj/assertj-core/2.6.0/assertj-core-2.6.0.jar:/home/christian/.m2/repository/org/mockito/mockito-core/1.10.19/mockito-core-1.10.19.jar:/home/christian/.m2/repository/org/objenesis/objenesis/2.1/objenesis-2.1.jar:/home/christian/.m2/repository/org/hamcrest/hamcrest-core/1.3/hamcrest-core-1.3.jar:/home/christian/.m2/repository/org/hamcrest/hamcrest-library/1.3/hamcrest-library-1.3.jar:/home/christian/.m2/repository/org/skyscreamer/jsonassert/1.4.0/jsonassert-1.4.0.jar:/home/christian/.m2/repository/com/vaadin/external/google/android-json/0.0.20131108.vaadin1/android-json-0.0.20131108.vaadin1.jar:/home/christian/.m2/repository/org/springframework/spring-core/4.3.22.RELEASE/spring-core-4.3.22.RELEASE.jar:/home/christian/.m2/repository/org/springframework/spring-test/4.3.22.RELEASE/spring-test-4.3.22.RELEASE.jar:, user.name=christian, java.vm.specification.version=1.8, sun.java.command=/home/christian/Escritorio/MB-Workspace/WebService-Angular-Spring-Backend/target/surefire/surefirebooter4998753294407083194.jar /home/christian/Escritorio/MB-Workspace/WebService-Angular-Spring-Backend/target/surefire/surefire307559227932101481tmp /home/christian/Escritorio/MB-Workspace/WebService-Angular-Spring-Backend/target/surefire/surefire_06083026419084903496tmp, java.home=/usr/lib/jvm/java-8-oracle/jre, sun.arch.data.model=64, user.language=es, java.specification.vendor=Oracle Corporation, awt.toolkit=sun.awt.X11.XToolkit, java.vm.info=mixed mode, java.version=1.8.0_191, java.ext.dirs=/usr/lib/jvm/java-8-oracle/jre/lib/ext:/usr/java/packages/lib/ext, sun.boot.class.path=/usr/lib/jvm/java-8-oracle/jre/lib/resources.jar:/usr/lib/jvm/java-8-oracle/jre/lib/rt.jar:/usr/lib/jvm/java-8-oracle/jre/lib/sunrsasign.jar:/usr/lib/jvm/java-8-oracle/jre/lib/jsse.jar:/usr/lib/jvm/java-8-oracle/jre/lib/jce.jar:/usr/lib/jvm/java-8-oracle/jre/lib/charsets.jar:/usr/lib/jvm/java-8-oracle/jre/lib/jfr.jar:/usr/lib/jvm/java-8-oracle/jre/classes, java.vendor=Oracle Corporation, localRepository=/home/christian/.m2/repository, file.separator=/, java.vendor.url.bug=http://bugreport.sun.com/bugreport/, sun.io.unicode.encoding=UnicodeLittle, sun.cpu.endian=little, sun.desktop=gnome, sun.cpu.isalist=}}, SystemEnvironmentPropertySource@2011986105 {name='systemEnvironment', properties={PATH=:/usr/local/sbin:/usr/local/bin:/usr/sbin:/usr/bin:/sbin:/bin:/usr/games:/usr/local/games, XAUTHORITY=/home/christian/.Xauthority, XDG_DATA_DIRS=/usr/share/cinnamon:/usr/share/gnome:/home/christian/.local/share/flatpak/exports/share:/var/lib/flatpak/exports/share:/usr/local/share:/usr/share, GDMSESSION=cinnamon, MANDATORY_PATH=/usr/share/gconf/cinnamon.mandatory.path, DBUS_SESSION_BUS_ADDRESS=unix:path=/run/user/1000/bus, DEFAULTS_PATH=/usr/share/gconf/cinnamon.default.path, XDG_CURRENT_DESKTOP=X-Cinnamon, SSH_AGENT_PID=1677, DESKTOP_AUTOSTART_ID=109da3c0679293f382158199996992755500000016130047, COLORTERM=truecolor, SESSION_MANAGER=local/christian-Lenovo-ideapad-320-15ISK:@/tmp/.ICE-unix/1613,unix/christian-Lenovo-ideapad-320-15ISK:/tmp/.ICE-unix/1613, LOGNAME=christian, PWD=/home/christian/Escritorio/MB-Workspace/WebService-Angular-Spring-Backend, LANGUAGE=es_MX:es, SHELL=/bin/bash, LESSOPEN=| /usr/bin/lesspipe %s, OLDPWD=/home/christian/Escritorio/MB-Workspace/WebService-Angular-Spring-Backend, GNOME_DESKTOP_SESSION_ID=this-is-deprecated, GNOME_TERMINAL_SCREEN=/org/gnome/Terminal/screen/b587a312_c480_4b2a_bae0_0e40aa022193, GTK_MODULES=gail:atk-bridge, PASSWORD=root, XDG_SESSION_PATH=/org/freedesktop/DisplayManager/Session0, LS_COLORS=rs=0:di=01;34:ln=01;36:mh=00:pi=40;33:so=01;35:do=01;35:bd=40;33;01:cd=40;33;01:or=40;31;01:mi=00:su=37;41:sg=30;43:ca=30;41:tw=30;42:ow=34;42:st=37;44:ex=01;32:*.tar=01;31:*.tgz=01;31:*.arc=01;31:*.arj=01;31:*.taz=01;31:*.lha=01;31:*.lz4=01;31:*.lzh=01;31:*.lzma=01;31:*.tlz=01;31:*.txz=01;31:*.tzo=01;31:*.t7z=01;31:*.zip=01;31:*.z=01;31:*.Z=01;31:*.dz=01;31:*.gz=01;31:*.lrz=01;31:*.lz=01;31:*.lzo=01;31:*.xz=01;31:*.zst=01;31:*.tzst=01;31:*.bz2=01;31:*.bz=01;31:*.tbz=01;31:*.tbz2=01;31:*.tz=01;31:*.deb=01;31:*.rpm=01;31:*.jar=01;31:*.war=01;31:*.ear=01;31:*.sar=01;31:*.rar=01;31:*.alz=01;31:*.ace=01;31:*.zoo=01;31:*.cpio=01;31:*.7z=01;31:*.rz=01;31:*.cab=01;31:*.wim=01;31:*.swm=01;31:*.dwm=01;31:*.esd=01;31:*.jpg=01;35:*.jpeg=01;35:*.mjpg=01;35:*.mjpeg=01;35:*.gif=01;35:*.bmp=01;35:*.pbm=01;35:*.pgm=01;35:*.ppm=01;35:*.tga=01;35:*.xbm=01;35:*.xpm=01;35:*.tif=01;35:*.tiff=01;35:*.png=01;35:*.svg=01;35:*.svgz=01;35:*.mng=01;35:*.pcx=01;35:*.mov=01;35:*.mpg=01;35:*.mpeg=01;35:*.m2v=01;35:*.mkv=01;35:*.webm=01;35:*.ogm=01;35:*.mp4=01;35:*.m4v=01;35:*.mp4v=01;35:*.vob=01;35:*.qt=01;35:*.nuv=01;35:*.wmv=01;35:*.asf=01;35:*.rm=01;35:*.rmvb=01;35:*.flc=01;35:*.avi=01;35:*.fli=01;35:*.flv=01;35:*.gl=01;35:*.dl=01;35:*.xcf=01;35:*.xwd=01;35:*.yuv=01;35:*.cgm=01;35:*.emf=01;35:*.ogv=01;35:*.ogx=01;35:*.aac=00;36:*.au=00;36:*.flac=00;36:*.m4a=00;36:*.mid=00;36:*.midi=00;36:*.mka=00;36:*.mp3=00;36:*.mpc=00;36:*.ogg=00;36:*.ra=00;36:*.wav=00;36:*.oga=00;36:*.opus=00;36:*.spx=00;36:*.xspf=00;36:, XDG_SESSION_DESKTOP=cinnamon, SHLVL=1, LESSCLOSE=/usr/bin/lesspipe %s %s, JAVA_HOME=/usr/lib/jvm/java-8-oracle/jre, TERM=xterm-256color, XDG_CONFIG_DIRS=/etc/xdg/xdg-cinnamon:/etc/xdg, GNOME_TERMINAL_SERVICE=:1.139, LANG=es_MX.UTF-8, XDG_SEAT_PATH=/org/freedesktop/DisplayManager/Seat0, XDG_SESSION_ID=c2, XDG_SESSION_TYPE=x11, DISPLAY=:0, MAVEN_CMD_LINE_ARGS= clean package, _=/usr/bin/mvn, GDM_LANG=es_MX, XDG_GREETER_DATA_DIR=/var/lib/lightdm-data/christian, GPG_AGENT_INFO=/run/user/1000/gnupg/S.gpg-agent:0:1, MAVEN_PROJECTBASEDIR=/home/christian/Escritorio/MB-Workspace/WebService-Angular-Spring-Backend, DESKTOP_SESSION=cinnamon, USER=christian, VTE_VERSION=5202, QT_ACCESSIBILITY=1, SSH_AUTH_SOCK=/run/user/1000/keyring/ssh, XDG_SEAT=seat0, CONFIG_SERVICE_PASSWORD=kydann2135, GTK_OVERLAY_SCROLLING=1, QT_QPA_PLATFORMTHEME=qt5ct, XDG_VTNR=7, XDG_RUNTIME_DIR=/run/user/1000, HOME=/home/christian}}]
18:31:58.885 [main] DEBUG org.springframework.core.io.support.PathMatchingResourcePatternResolver - Resolved classpath location [com/sinfloo/ejemplo01/] to resources [URL [file:/home/christian/Escritorio/MB-Workspace/WebService-Angular-Spring-Backend/target/test-classes/com/sinfloo/ejemplo01/]]
18:31:58.885 [main] DEBUG org.springframework.core.io.support.PathMatchingResourcePatternResolver - Looking for matching resources in directory tree [/home/christian/Escritorio/MB-Workspace/WebService-Angular-Spring-Backend/target/test-classes/com/sinfloo/ejemplo01]
18:31:58.885 [main] DEBUG org.springframework.core.io.support.PathMatchingResourcePatternResolver - Searching directory [/home/christian/Escritorio/MB-Workspace/WebService-Angular-Spring-Backend/target/test-classes/com/sinfloo/ejemplo01] for files matching pattern [/home/christian/Escritorio/MB-Workspace/WebService-Angular-Spring-Backend/target/test-classes/com/sinfloo/ejemplo01/*.class]
18:31:58.887 [main] DEBUG org.springframework.core.io.support.PathMatchingResourcePatternResolver - Resolved location pattern [classpath*:com/sinfloo/ejemplo01/*.class] to resources [file [/home/christian/Escritorio/MB-Workspace/WebService-Angular-Spring-Backend/target/test-classes/com/sinfloo/ejemplo01/Ejemplo01ApplicationTests.class]]
18:31:58.890 [main] DEBUG org.springframework.core.io.support.PathMatchingResourcePatternResolver - Resolved classpath location [com/sinfloo/] to resources [URL [file:/home/christian/Escritorio/MB-Workspace/WebService-Angular-Spring-Backend/target/test-classes/com/sinfloo/], URL [file:/home/christian/Escritorio/MB-Workspace/WebService-Angular-Spring-Backend/target/classes/com/sinfloo/]]
18:31:58.890 [main] DEBUG org.springframework.core.io.support.PathMatchingResourcePatternResolver - Looking for matching resources in directory tree [/home/christian/Escritorio/MB-Workspace/WebService-Angular-Spring-Backend/target/test-classes/com/sinfloo]
18:31:58.890 [main] DEBUG org.springframework.core.io.support.PathMatchingResourcePatternResolver - Searching directory [/home/christian/Escritorio/MB-Workspace/WebService-Angular-Spring-Backend/target/test-classes/com/sinfloo] for files matching pattern [/home/christian/Escritorio/MB-Workspace/WebService-Angular-Spring-Backend/target/test-classes/com/sinfloo/*.class]
18:31:58.891 [main] DEBUG org.springframework.core.io.support.PathMatchingResourcePatternResolver - Looking for matching resources in directory tree [/home/christian/Escritorio/MB-Workspace/WebService-Angular-Spring-Backend/target/classes/com/sinfloo]
18:31:58.891 [main] DEBUG org.springframework.core.io.support.PathMatchingResourcePatternResolver - Searching directory [/home/christian/Escritorio/MB-Workspace/WebService-Angular-Spring-Backend/target/classes/com/sinfloo] for files matching pattern [/home/christian/Escritorio/MB-Workspace/WebService-Angular-Spring-Backend/target/classes/com/sinfloo/*.class]
18:31:58.892 [main] DEBUG org.springframework.core.io.support.PathMatchingResourcePatternResolver - Resolved location pattern [classpath*:com/sinfloo/*.class] to resources []
18:31:58.893 [main] DEBUG org.springframework.core.io.support.PathMatchingResourcePatternResolver - Resolved classpath location [com/] to resources [URL [file:/home/christian/Escritorio/MB-Workspace/WebService-Angular-Spring-Backend/target/test-classes/com/], URL [file:/home/christian/Escritorio/MB-Workspace/WebService-Angular-Spring-Backend/target/classes/com/], URL [jar:file:/home/christian/.m2/repository/com/fasterxml/classmate/1.3.4/classmate-1.3.4.jar!/com/], URL [jar:file:/home/christian/.m2/repository/com/fasterxml/jackson/core/jackson-databind/2.8.11.3/jackson-databind-2.8.11.3.jar!/com/], URL [jar:file:/home/christian/.m2/repository/com/fasterxml/jackson/core/jackson-annotations/2.8.0/jackson-annotations-2.8.0.jar!/com/], URL [jar:file:/home/christian/.m2/repository/com/fasterxml/jackson/core/jackson-core/2.8.11/jackson-core-2.8.11.jar!/com/], URL [jar:file:/home/christian/.m2/repository/mysql/mysql-connector-java/5.1.47/mysql-connector-java-5.1.47.jar!/com/], URL [jar:file:/home/christian/.m2/repository/com/jayway/jsonpath/json-path/2.2.0/json-path-2.2.0.jar!/com/]]
18:31:58.896 [main] DEBUG org.springframework.core.io.support.PathMatchingResourcePatternResolver - Looking for matching resources in directory tree [/home/christian/Escritorio/MB-Workspace/WebService-Angular-Spring-Backend/target/test-classes/com]
18:31:58.896 [main] DEBUG org.springframework.core.io.support.PathMatchingResourcePatternResolver - Searching directory [/home/christian/Escritorio/MB-Workspace/WebService-Angular-Spring-Backend/target/test-classes/com] for files matching pattern [/home/christian/Escritorio/MB-Workspace/WebService-Angular-Spring-Backend/target/test-classes/com/*.class]
18:31:58.897 [main] DEBUG org.springframework.core.io.support.PathMatchingResourcePatternResolver - Looking for matching resources in directory tree [/home/christian/Escritorio/MB-Workspace/WebService-Angular-Spring-Backend/target/classes/com]
18:31:58.897 [main] DEBUG org.springframework.core.io.support.PathMatchingResourcePatternResolver - Searching directory [/home/christian/Escritorio/MB-Workspace/WebService-Angular-Spring-Backend/target/classes/com] for files matching pattern [/home/christian/Escritorio/MB-Workspace/WebService-Angular-Spring-Backend/target/classes/com/*.class]
18:31:58.900 [main] DEBUG org.springframework.core.io.support.PathMatchingResourcePatternResolver - Looking for matching resources in jar file [file:/home/christian/.m2/repository/com/fasterxml/classmate/1.3.4/classmate-1.3.4.jar]
18:31:58.901 [main] DEBUG org.springframework.core.io.support.PathMatchingResourcePatternResolver - Looking for matching resources in jar file [file:/home/christian/.m2/repository/com/fasterxml/jackson/core/jackson-databind/2.8.11.3/jackson-databind-2.8.11.3.jar]
18:31:58.906 [main] DEBUG org.springframework.core.io.support.PathMatchingResourcePatternResolver - Looking for matching resources in jar file [file:/home/christian/.m2/repository/com/fasterxml/jackson/core/jackson-annotations/2.8.0/jackson-annotations-2.8.0.jar]
18:31:58.907 [main] DEBUG org.springframework.core.io.support.PathMatchingResourcePatternResolver - Looking for matching resources in jar file [file:/home/christian/.m2/repository/com/fasterxml/jackson/core/jackson-core/2.8.11/jackson-core-2.8.11.jar]
18:31:58.909 [main] DEBUG org.springframework.core.io.support.PathMatchingResourcePatternResolver - Looking for matching resources in jar file [file:/home/christian/.m2/repository/mysql/mysql-connector-java/5.1.47/mysql-connector-java-5.1.47.jar]
18:31:58.915 [main] DEBUG org.springframework.core.io.support.PathMatchingResourcePatternResolver - Looking for matching resources in jar file [file:/home/christian/.m2/repository/com/jayway/jsonpath/json-path/2.2.0/json-path-2.2.0.jar]
18:31:58.916 [main] DEBUG org.springframework.core.io.support.PathMatchingResourcePatternResolver - Resolved location pattern [classpath*:com/*.class] to resources []
]]></system-out>
  </testcase>
</testsuite>